TN:
SF:core/src/If.tsx
FN:9,(anonymous_0)
FNF:1
FNH:1
FNDA:9,(anonymous_0)
DA:9,2
DA:10,9
LF:2
LH:2
BRDA:10,0,0,7
BRDA:10,0,1,2
BRDA:10,1,0,1
BRDA:10,1,1,6
BRF:4
BRH:4
end_of_record
TN:
SF:core/src/index.tsx
FN:23,OnlyWhen
FNF:1
FNH:1
FNDA:7,OnlyWhen
DA:24,7
DA:25,7
DA:26,7
DA:27,7
DA:29,7
DA:30,7
DA:31,5
DA:32,3
DA:34,2
DA:41,7
DA:42,7
DA:44,7
LF:12
LH:12
BRDA:24,0,0,2
BRDA:24,1,0,6
BRDA:29,2,0,7
BRDA:29,2,1,7
BRDA:30,3,0,5
BRDA:30,3,1,2
BRDA:31,4,0,3
BRDA:31,4,1,2
BRDA:32,5,0,3
BRDA:32,5,1,1
BRDA:32,6,0,3
BRDA:32,6,1,0
BRDA:36,7,0,2
BRDA:36,7,1,1
BRDA:37,8,0,2
BRDA:37,8,1,1
BRDA:44,9,0,1
BRDA:44,9,1,6
BRF:18
BRH:17
end_of_record
TN:
SF:core/src/switch.tsx
FN:4,(anonymous_0)
FN:9,(anonymous_1)
FN:34,(anonymous_2)
FN:40,(anonymous_3)
FNF:4
FNH:4
FNDA:7,(anonymous_0)
FNDA:9,(anonymous_1)
FNDA:6,(anonymous_2)
FNDA:3,(anonymous_3)
DA:4,1
DA:5,7
DA:6,7
DA:8,7
DA:9,7
DA:10,9
DA:11,3
DA:13,9
DA:14,5
DA:15,5
DA:16,5
DA:17,3
DA:18,3
DA:21,6
DA:23,7
DA:34,1
DA:35,6
DA:36,6
DA:37,6
DA:40,1
DA:41,3
LF:21
LH:21
BRDA:8,0,0,3
BRDA:8,0,1,4
BRDA:10,1,0,3
BRDA:10,1,1,6
BRDA:10,2,0,9
BRDA:10,2,1,9
BRDA:10,2,2,8
BRDA:13,3,0,5
BRDA:13,3,1,4
BRDA:13,4,0,9
BRDA:13,4,1,8
BRDA:16,5,0,3
BRDA:16,5,1,2
BRDA:23,6,0,7
BRDA:23,6,1,4
BRDA:23,6,2,1
BRDA:37,7,0,2
BRDA:37,7,1,4
BRF:18
BRH:18
end_of_record
