TN:
SF:core/src/If.tsx
FN:9,(anonymous_0)
FNF:1
FNH:1
FNDA:9,(anonymous_0)
DA:9,2
DA:10,9
LF:2
LH:2
BRDA:10,0,0,7
BRDA:10,0,1,2
BRDA:10,1,0,1
BRDA:10,1,1,6
BRF:4
BRH:4
end_of_record
TN:
SF:core/src/case.tsx
FN:12,(anonymous_0)
FN:19,(anonymous_1)
FN:23,(anonymous_2)
FN:28,(anonymous_3)
FNF:4
FNH:4
FNDA:6,(anonymous_0)
FNDA:6,(anonymous_1)
FNDA:5,(anonymous_2)
FNDA:5,(anonymous_3)
DA:12,1
DA:13,6
DA:14,6
DA:15,6
DA:16,6
DA:17,6
DA:18,6
DA:19,6
DA:20,6
DA:23,1
DA:24,5
DA:25,5
DA:26,5
DA:27,5
DA:28,5
DA:29,5
LF:16
LH:16
BRDA:17,0,0,1
BRDA:17,0,1,5
BRDA:27,1,0,1
BRDA:27,1,1,4
BRF:4
BRH:4
end_of_record
TN:
SF:core/src/index.tsx
FN:23,OnlyWhen
FNF:1
FNH:1
FNDA:7,OnlyWhen
DA:24,7
DA:25,7
DA:26,7
DA:27,7
DA:29,7
DA:30,7
DA:31,5
DA:32,3
DA:34,2
DA:41,7
DA:42,7
DA:44,7
LF:12
LH:12
BRDA:24,0,0,2
BRDA:24,1,0,6
BRDA:29,2,0,7
BRDA:29,2,1,7
BRDA:30,3,0,5
BRDA:30,3,1,2
BRDA:31,4,0,3
BRDA:31,4,1,2
BRDA:32,5,0,3
BRDA:32,5,1,1
BRDA:32,6,0,3
BRDA:32,6,1,0
BRDA:36,7,0,2
BRDA:36,7,1,1
BRDA:37,8,0,2
BRDA:37,8,1,1
BRDA:44,9,0,1
BRDA:44,9,1,6
BRF:18
BRH:17
end_of_record
TN:
SF:core/src/switch.store.tsx
FN:14,(anonymous_0)
FN:23,(anonymous_1)
FN:27,useSwitch
FN:32,(anonymous_3)
FN:35,useSwitchDispatch
FNF:5
FNH:4
FNDA:11,(anonymous_0)
FNDA:13,(anonymous_1)
FNDA:13,useSwitch
FNDA:0,(anonymous_3)
FNDA:11,useSwitchDispatch
DA:11,1
DA:12,1
DA:14,1
DA:15,11
DA:16,11
DA:17,11
DA:23,1
DA:24,13
DA:28,13
DA:32,1
DA:33,1
DA:36,11
LF:12
LH:12
BRDA:15,0,0,11
BRDA:15,0,1,5
BRF:2
BRH:2
end_of_record
TN:
SF:core/src/switch.tsx
FN:6,(anonymous_0)
FN:16,(anonymous_1)
FNF:2
FNH:2
FNDA:13,(anonymous_0)
FNDA:13,(anonymous_1)
DA:6,1
DA:7,13
DA:8,13
DA:16,1
DA:17,13
DA:19,13
DA:20,5
DA:21,3
DA:22,3
DA:25,13
LF:10
LH:10
BRDA:20,0,0,3
BRDA:20,0,1,2
BRDA:25,1,0,13
BRDA:25,1,1,7
BRDA:25,2,0,13
BRDA:25,2,1,10
BRF:6
BRH:6
end_of_record
